# JRE version: OpenJDK Runtime Environment (11.0.7+10) (build 11.0.7+10-post-Ubuntu-2ubuntu218.04)
# Java VM: OpenJDK 64-Bit Server VM (11.0.7+10-post-Ubuntu-2ubuntu218.04, mixed mode, sharing, tiered, compressed oops, g1 gc, linux-amd64)
Heap:
 garbage-first heap   total 63488K, used 9212K [0x00000000c4400000, 0x0000000100000000)
  region size 1024K, 6 young (6144K), 3 survivors (3072K)
 Metaspace       used 14392K, capacity 14962K, committed 15104K, reserved 1062912K
  class space    used 1788K, capacity 2020K, committed 2048K, reserved 1048576K
GC Heap History (6 events):
Event: 0.723 GC heap before
{Heap before GC invocations=0 (full 0):
 garbage-first heap   total 63488K, used 14020K [0x00000000c4400000, 0x0000000100000000)
  region size 1024K, 14 young (14336K), 0 survivors (0K)
 Metaspace       used 5344K, capacity 6087K, committed 6400K, reserved 1056768K
  class space    used 601K, capacity 691K, committed 768K, reserved 1048576K
}
Event: 0.739 GC heap after
{Heap after GC invocations=1 (full 0):
 garbage-first heap   total 63488K, used 4672K [0x00000000c4400000, 0x0000000100000000)
  region size 1024K, 2 young (2048K), 2 survivors (2048K)
 Metaspace       used 5344K, capacity 6087K, committed 6400K, reserved 1056768K
  class space    used 601K, capacity 691K, committed 768K, reserved 1048576K
}
Event: 0.955 GC heap before
{Heap before GC invocations=1 (full 0):
 garbage-first heap   total 63488K, used 11840K [0x00000000c4400000, 0x0000000100000000)
  region size 1024K, 9 young (9216K), 2 survivors (2048K)
 Metaspace       used 7396K, capacity 7760K, committed 7936K, reserved 1056768K
  class space    used 881K, capacity 1016K, committed 1024K, reserved 1048576K
}
Event: 0.965 GC heap after
{Heap after GC invocations=2 (full 0):
 garbage-first heap   total 63488K, used 5532K [0x00000000c4400000, 0x0000000100000000)
  region size 1024K, 1 young (1024K), 1 survivors (1024K)
 Metaspace       used 7396K, capacity 7760K, committed 7936K, reserved 1056768K
  class space    used 881K, capacity 1016K, committed 1024K, reserved 1048576K
}
Event: 14.458 GC heap before
{Heap before GC invocations=2 (full 0):
 garbage-first heap   total 63488K, used 24988K [0x00000000c4400000, 0x0000000100000000)
  region size 1024K, 20 young (20480K), 1 survivors (1024K)
 Metaspace       used 13262K, capacity 13891K, committed 14080K, reserved 1060864K
  class space    used 1570K, capacity 1792K, committed 1792K, reserved 1048576K
}
Event: 14.466 GC heap after
{Heap after GC invocations=3 (full 0):
 garbage-first heap   total 63488K, used 7164K [0x00000000c4400000, 0x0000000100000000)
  region size 1024K, 3 young (3072K), 3 survivors (3072K)
 Metaspace       used 13262K, capacity 13891K, committed 14080K, reserved 1060864K
  class space    used 1570K, capacity 1792K, committed 1792K, reserved 1048576K
}

