# JRE version: OpenJDK Runtime Environment (11.0.7+10) (build 11.0.7+10-post-Ubuntu-2ubuntu218.04)
# Java VM: OpenJDK 64-Bit Server VM (11.0.7+10-post-Ubuntu-2ubuntu218.04, mixed mode, sharing, tiered, compressed oops, g1 gc, linux-amd64)
Heap:
 garbage-first heap   total 63488K, used 8178K [0x00000000c4400000, 0x0000000100000000)
  region size 1024K, 5 young (5120K), 3 survivors (3072K)
 Metaspace       used 14441K, capacity 15022K, committed 15360K, reserved 1062912K
  class space    used 1790K, capacity 2020K, committed 2048K, reserved 1048576K
GC Heap History (6 events):
Event: 0.651 GC heap before
{Heap before GC invocations=0 (full 0):
 garbage-first heap   total 63488K, used 14020K [0x00000000c4400000, 0x0000000100000000)
  region size 1024K, 14 young (14336K), 0 survivors (0K)
 Metaspace       used 5363K, capacity 6083K, committed 6400K, reserved 1056768K
  class space    used 602K, capacity 691K, committed 768K, reserved 1048576K
}
Event: 0.666 GC heap after
{Heap after GC invocations=1 (full 0):
 garbage-first heap   total 63488K, used 4668K [0x00000000c4400000, 0x0000000100000000)
  region size 1024K, 2 young (2048K), 2 survivors (2048K)
 Metaspace       used 5363K, capacity 6083K, committed 6400K, reserved 1056768K
  class space    used 602K, capacity 691K, committed 768K, reserved 1048576K
}
Event: 0.947 GC heap before
{Heap before GC invocations=1 (full 0):
 garbage-first heap   total 63488K, used 12860K [0x00000000c4400000, 0x0000000100000000)
  region size 1024K, 10 young (10240K), 2 survivors (2048K)
 Metaspace       used 7636K, capacity 8007K, committed 8320K, reserved 1056768K
  class space    used 912K, capacity 1036K, committed 1152K, reserved 1048576K
}
Event: 0.959 GC heap after
{Heap after GC invocations=2 (full 0):
 garbage-first heap   total 63488K, used 5455K [0x00000000c4400000, 0x0000000100000000)
  region size 1024K, 1 young (1024K), 1 survivors (1024K)
 Metaspace       used 7636K, capacity 8007K, committed 8320K, reserved 1056768K
  class space    used 912K, capacity 1036K, committed 1152K, reserved 1048576K
}
Event: 16.585 GC heap before
{Heap before GC invocations=2 (full 0):
 garbage-first heap   total 63488K, used 25935K [0x00000000c4400000, 0x0000000100000000)
  region size 1024K, 21 young (21504K), 1 survivors (1024K)
 Metaspace       used 13726K, capacity 14344K, committed 14720K, reserved 1062912K
  class space    used 1639K, capacity 1859K, committed 1920K, reserved 1048576K
}
Event: 16.592 GC heap after
{Heap after GC invocations=3 (full 0):
 garbage-first heap   total 63488K, used 7154K [0x00000000c4400000, 0x0000000100000000)
  region size 1024K, 3 young (3072K), 3 survivors (3072K)
 Metaspace       used 13726K, capacity 14344K, committed 14720K, reserved 1062912K
  class space    used 1639K, capacity 1859K, committed 1920K, reserved 1048576K
}

