# JRE version: OpenJDK Runtime Environment (11.0.7+10) (build 11.0.7+10-post-Ubuntu-2ubuntu218.04)
# Java VM: OpenJDK 64-Bit Server VM (11.0.7+10-post-Ubuntu-2ubuntu218.04, mixed mode, sharing, tiered, compressed oops, g1 gc, linux-amd64)
Heap:
 garbage-first heap   total 63488K, used 13206K [0x00000000c4400000, 0x0000000100000000)
  region size 1024K, 11 young (11264K), 3 survivors (3072K)
 Metaspace       used 14410K, capacity 15014K, committed 15360K, reserved 1062912K
  class space    used 1790K, capacity 2020K, committed 2048K, reserved 1048576K
GC Heap History (6 events):
Event: 0.789 GC heap before
{Heap before GC invocations=0 (full 0):
 garbage-first heap   total 63488K, used 14020K [0x00000000c4400000, 0x0000000100000000)
  region size 1024K, 14 young (14336K), 0 survivors (0K)
 Metaspace       used 5334K, capacity 6087K, committed 6400K, reserved 1056768K
  class space    used 602K, capacity 691K, committed 768K, reserved 1048576K
}
Event: 0.800 GC heap after
{Heap after GC invocations=1 (full 0):
 garbage-first heap   total 63488K, used 4673K [0x00000000c4400000, 0x0000000100000000)
  region size 1024K, 2 young (2048K), 2 survivors (2048K)
 Metaspace       used 5334K, capacity 6087K, committed 6400K, reserved 1056768K
  class space    used 602K, capacity 691K, committed 768K, reserved 1048576K
}
Event: 0.973 GC heap before
{Heap before GC invocations=1 (full 0):
 garbage-first heap   total 63488K, used 8769K [0x00000000c4400000, 0x0000000100000000)
  region size 1024K, 6 young (6144K), 2 survivors (2048K)
 Metaspace       used 6218K, capacity 6517K, committed 6784K, reserved 1056768K
  class space    used 715K, capacity 791K, committed 896K, reserved 1048576K
}
Event: 0.988 GC heap after
{Heap after GC invocations=2 (full 0):
 garbage-first heap   total 63488K, used 5382K [0x00000000c4400000, 0x0000000100000000)
  region size 1024K, 1 young (1024K), 1 survivors (1024K)
 Metaspace       used 6218K, capacity 6517K, committed 6784K, reserved 1056768K
  class space    used 715K, capacity 791K, committed 896K, reserved 1048576K
}
Event: 14.027 GC heap before
{Heap before GC invocations=2 (full 0):
 garbage-first heap   total 63488K, used 23814K [0x00000000c4400000, 0x0000000100000000)
  region size 1024K, 19 young (19456K), 1 survivors (1024K)
 Metaspace       used 11389K, capacity 11958K, committed 12160K, reserved 1060864K
  class space    used 1386K, capacity 1574K, committed 1664K, reserved 1048576K
}
Event: 14.035 GC heap after
{Heap after GC invocations=3 (full 0):
 garbage-first heap   total 63488K, used 7062K [0x00000000c4400000, 0x0000000100000000)
  region size 1024K, 3 young (3072K), 3 survivors (3072K)
 Metaspace       used 11389K, capacity 11958K, committed 12160K, reserved 1060864K
  class space    used 1386K, capacity 1574K, committed 1664K, reserved 1048576K
}

