# JRE version: OpenJDK Runtime Environment (11.0.7+10) (build 11.0.7+10-post-Ubuntu-2ubuntu218.04)
# Java VM: OpenJDK 64-Bit Server VM (11.0.7+10-post-Ubuntu-2ubuntu218.04, mixed mode, sharing, tiered, compressed oops, g1 gc, linux-amd64)
Heap:
 garbage-first heap   total 63488K, used 12163K [0x00000000c4400000, 0x0000000100000000)
  region size 1024K, 9 young (9216K), 3 survivors (3072K)
 Metaspace       used 14531K, capacity 15154K, committed 15360K, reserved 1062912K
  class space    used 1790K, capacity 2020K, committed 2048K, reserved 1048576K
GC Heap History (6 events):
Event: 3.268 GC heap before
{Heap before GC invocations=0 (full 0):
 garbage-first heap   total 63488K, used 15044K [0x00000000c4400000, 0x0000000100000000)
  region size 1024K, 14 young (14336K), 0 survivors (0K)
 Metaspace       used 5121K, capacity 5982K, committed 6144K, reserved 1056768K
  class space    used 572K, capacity 651K, committed 768K, reserved 1048576K
}
Event: 3.287 GC heap after
{Heap after GC invocations=1 (full 0):
 garbage-first heap   total 63488K, used 4591K [0x00000000c4400000, 0x0000000100000000)
  region size 1024K, 2 young (2048K), 2 survivors (2048K)
 Metaspace       used 5121K, capacity 5982K, committed 6144K, reserved 1056768K
  class space    used 572K, capacity 651K, committed 768K, reserved 1048576K
}
Event: 3.695 GC heap before
{Heap before GC invocations=1 (full 0):
 garbage-first heap   total 63488K, used 9711K [0x00000000c4400000, 0x0000000100000000)
  region size 1024K, 7 young (7168K), 2 survivors (2048K)
 Metaspace       used 6495K, capacity 6689K, committed 7040K, reserved 1056768K
  class space    used 734K, capacity 803K, committed 896K, reserved 1048576K
}
Event: 3.706 GC heap after
{Heap after GC invocations=2 (full 0):
 garbage-first heap   total 63488K, used 5300K [0x00000000c4400000, 0x0000000100000000)
  region size 1024K, 1 young (1024K), 1 survivors (1024K)
 Metaspace       used 6495K, capacity 6689K, committed 7040K, reserved 1056768K
  class space    used 734K, capacity 803K, committed 896K, reserved 1048576K
}
Event: 40.309 GC heap before
{Heap before GC invocations=2 (full 0):
 garbage-first heap   total 63488K, used 24756K [0x00000000c4400000, 0x0000000100000000)
  region size 1024K, 21 young (21504K), 1 survivors (1024K)
 Metaspace       used 12089K, capacity 12666K, committed 12928K, reserved 1060864K
  class space    used 1451K, capacity 1661K, committed 1664K, reserved 1048576K
}
Event: 40.321 GC heap after
{Heap after GC invocations=3 (full 0):
 garbage-first heap   total 63488K, used 7043K [0x00000000c4400000, 0x0000000100000000)
  region size 1024K, 3 young (3072K), 3 survivors (3072K)
 Metaspace       used 12089K, capacity 12666K, committed 12928K, reserved 1060864K
  class space    used 1451K, capacity 1661K, committed 1664K, reserved 1048576K
}

